[09/12/2022 12:15:29] Debug: Session id: 749af3c9-aeff-4278-8f12-d86d64457502
[09/12/2022 12:15:29] Debug: Code Processor information: Name :SnowConvert, Version: 9.0.20.0
[09/12/2022 12:15:30] Debug: Getting license
[09/12/2022 12:15:30] Debug: License information
	Status: Failed
	Message: No active license available.
[09/12/2022 12:15:30] Info: Starting to validate parameters
[09/12/2022 12:15:30] Info: Parameters to validate: 
	Execution mode: Conversion
	LICENSE_KEY: a3372138-b87e-4a08-b929-3b48b24c63f1
[09/12/2022 12:15:30] Info: Validation of parameters: Success
[09/12/2022 12:15:30] Debug: Getting code descriptor
[09/12/2022 12:15:30] Debug: Code descriptor information
	Units: 51
	Units type: LOC
	All file bytes: 2141
	All found extensions: .sql,.dml,.ddl,.bteq,.btq,.fl,.fload,.ml,.mload,.mld,.tp,.tpump,.tpt
[09/12/2022 12:15:30] Debug: Calculating fingerprint
[09/12/2022 12:15:30] Debug: Fingerprint information Fingerprint(size=2141,projects=1)
[09/12/2022 12:15:30] Info: Starting to try to validate online license for execution
[09/12/2022 12:15:31] Debug: Getting license
[09/12/2022 12:15:31] Debug: License information
	Status: Failed
	Message: No active license available.
[09/12/2022 12:15:31] Debug: Starting the execution of the controller
[09/12/2022 12:15:32] Debug: Executing the worker: SnowConvert
[09/12/2022 12:15:42] Debug: Finished executing the worker: SnowConvert
[09/12/2022 12:15:44] Info: Controller execution ended
